<?xml version="1.0" encoding="UTF-8"?>
<testng-results skipped="0" failed="0" ignored="0" total="1" passed="1">
  <reporter-output>
  </reporter-output>
  <suite name="Default suite" duration-ms="14964581" started-at="2020-04-09T10:18:13 IST" finished-at="2020-04-09T14:27:38 IST">
    <groups>
    </groups>
    <test name="Default test" duration-ms="14964581" started-at="2020-04-09T10:18:13 IST" finished-at="2020-04-09T14:27:38 IST">
      <class name="Test.test2">
        <test-method status="PASS" signature="setup()[pri:0, instance:Test.test2@67bb4dcd]" name="setup" is-config="true" duration-ms="39613" started-at="2020-04-09T10:18:14 IST" finished-at="2020-04-09T10:18:53 IST">
          <reporter-output>
          </reporter-output>
        </test-method> <!-- setup -->
        <test-method status="PASS" signature="openPage()[pri:0, instance:Test.test2@67bb4dcd]" name="openPage" duration-ms="14924716" started-at="2020-04-09T10:18:53 IST" finished-at="2020-04-09T14:27:38 IST">
          <reporter-output>
          </reporter-output>
        </test-method> <!-- openPage -->
      </class> <!-- Test.test2 -->
    </test> <!-- Default test -->
  </suite> <!-- Default suite -->
</testng-results>
